Determining if the pthread_create exist failed with the following output:
Change Dir: /home/liuyc/moby_ws/moby_simulator/build/CMakeFiles/CMakeTmp

Run Build Command:"/usr/bin/make" "cmTC_2af19/fast"
/usr/bin/make -f CMakeFiles/cmTC_2af19.dir/build.make CMakeFiles/cmTC_2af19.dir/build
make[1]: Entering directory '/home/liuyc/moby_ws/moby_simulator/build/CMakeFiles/CMakeTmp'
Building C object CMakeFiles/cmTC_2af19.dir/CheckSymbolExists.c.o
/usr/bin/cc     -o CMakeFiles/cmTC_2af19.dir/CheckSymbolExists.c.o   -c /home/liuyc/moby_ws/moby_simulator/build/CMakeFiles/CMakeTmp/CheckSymbolExists.c
Linking C executable cmTC_2af19
/usr/bin/cmake -E cmake_link_script CMakeFiles/cmTC_2af19.dir/link.txt --verbose=1
/usr/bin/cc       CMakeFiles/cmTC_2af19.dir/CheckSymbolExists.c.o  -o cmTC_2af19 -rdynamic 
CMakeFiles/cmTC_2af19.dir/CheckSymbolExists.c.o: In function `main':
CheckSymbolExists.c:(.text+0x16): undefined reference to `pthread_create'
collect2: error: ld returned 1 exit status
CMakeFiles/cmTC_2af19.dir/build.make:97: recipe for target 'cmTC_2af19' failed
make[1]: *** [cmTC_2af19] Error 1
make[1]: Leaving directory '/home/liuyc/moby_ws/moby_simulator/build/CMakeFiles/CMakeTmp'
Makefile:126: recipe for target 'cmTC_2af19/fast' failed
make: *** [cmTC_2af19/fast] Error 2

File /home/liuyc/moby_ws/moby_simulator/build/CMakeFiles/CMakeTmp/CheckSymbolExists.c:
/* */
#include <pthread.h>

int main(int argc, char** argv)
{
  (void)argv;
#ifndef pthread_create
  return ((int*)(&pthread_create))[argc];
#else
  (void)argc;
  return 0;
#endif
}

Determining if the function pthread_create exists in the pthreads failed with the following output:
Change Dir: /home/liuyc/moby_ws/moby_simulator/build/CMakeFiles/CMakeTmp

Run Build Command:"/usr/bin/make" "cmTC_d0c40/fast"
/usr/bin/make -f CMakeFiles/cmTC_d0c40.dir/build.make CMakeFiles/cmTC_d0c40.dir/build
make[1]: Entering directory '/home/liuyc/moby_ws/moby_simulator/build/CMakeFiles/CMakeTmp'
Building C object CMakeFiles/cmTC_d0c40.dir/CheckFunctionExists.c.o
/usr/bin/cc    -DCHECK_FUNCTION_EXISTS=pthread_create   -o CMakeFiles/cmTC_d0c40.dir/CheckFunctionExists.c.o   -c /usr/share/cmake-3.5/Modules/CheckFunctionExists.c
Linking C executable cmTC_d0c40
/usr/bin/cmake -E cmake_link_script CMakeFiles/cmTC_d0c40.dir/link.txt --verbose=1
/usr/bin/cc   -DCHECK_FUNCTION_EXISTS=pthread_create    CMakeFiles/cmTC_d0c40.dir/CheckFunctionExists.c.o  -o cmTC_d0c40 -rdynamic -lpthreads 
/usr/bin/ld: cannot find -lpthreads
collect2: error: ld returned 1 exit status
CMakeFiles/cmTC_d0c40.dir/build.make:97: recipe for target 'cmTC_d0c40' failed
make[1]: *** [cmTC_d0c40] Error 1
make[1]: Leaving directory '/home/liuyc/moby_ws/moby_simulator/build/CMakeFiles/CMakeTmp'
Makefile:126: recipe for target 'cmTC_d0c40/fast' failed
make: *** [cmTC_d0c40/fast] Error 2


